<?xml version="1.0" encoding="UTF-8"?>
<testsuite name="TypeCheckerTest" tests="12" skipped="0" failures="0" errors="0" timestamp="2021-10-10T17:37:37" hostname="DESKTOP-FEB07TN" time="0.024">
  <properties/>
  <testcase name="simpleTest()" classname="TypeCheckerTest" time="0.0"/>
  <testcase name="simpleTest2()" classname="TypeCheckerTest" time="0.0"/>
  <testcase name="simpleTest3()" classname="TypeCheckerTest" time="0.001"/>
  <testcase name="globalVariableTest2()" classname="TypeCheckerTest" time="0.001"/>
  <testcase name="variableTest()" classname="TypeCheckerTest" time="0.001"/>
  <testcase name="advancedRecursionTest()" classname="TypeCheckerTest" time="0.0"/>
  <testcase name="functionTest()" classname="TypeCheckerTest" time="0.0"/>
  <testcase name="functionParameterTest2()" classname="TypeCheckerTest" time="0.002"/>
  <testcase name="advancedFunctionTest()" classname="TypeCheckerTest" time="0.002"/>
  <testcase name="variableTest2()" classname="TypeCheckerTest" time="0.001"/>
  <testcase name="functionParameterTest()" classname="TypeCheckerTest" time="0.0"/>
  <testcase name="globalVariableTest()" classname="TypeCheckerTest" time="0.002"/>
  <system-out><![CDATA[]]></system-out>
  <system-err><![CDATA[]]></system-err>
</testsuite>
