<?xml version="1.0" encoding="UTF-8"?>
<testsuite name="LexerTest" tests="10" skipped="0" failures="0" errors="0" timestamp="2021-10-13T10:13:25" hostname="DESKTOP-FEB07TN" time="0.041">
  <properties/>
  <testcase name="simpleLexerTest()" classname="LexerTest" time="0.03"/>
  <testcase name="functionLexerTest2()" classname="LexerTest" time="0.001"/>
  <testcase name="advancedIfLexerTest()" classname="LexerTest" time="0.001"/>
  <testcase name="typeLexerTest()" classname="LexerTest" time="0.001"/>
  <testcase name="simpleCommentLexerTest()" classname="LexerTest" time="0.0"/>
  <testcase name="ifLexerTest()" classname="LexerTest" time="0.003"/>
  <testcase name="structLexerTest()" classname="LexerTest" time="0.001"/>
  <testcase name="advancedCommentLexerTest()" classname="LexerTest" time="0.002"/>
  <testcase name="simpleFloatLexerTest()" classname="LexerTest" time="0.0"/>
  <testcase name="functionLexerTest()" classname="LexerTest" time="0.001"/>
  <system-out><![CDATA[]]></system-out>
  <system-err><![CDATA[]]></system-err>
</testsuite>
