<?xml version="1.0" encoding="UTF-8"?>
<testsuite name="ParserTest" tests="7" skipped="0" failures="0" errors="0" timestamp="2021-10-10T17:37:37" hostname="DESKTOP-FEB07TN" time="0.052">
  <properties/>
  <testcase name="ReturnWithAdditionTest()" classname="ParserTest" time="0.001"/>
  <testcase name="ReturnWithParametersTest()" classname="ParserTest" time="0.002"/>
  <testcase name="ReturnDirectTest()" classname="ParserTest" time="0.001"/>
  <testcase name="ReturnWithDeclarationTest()" classname="ParserTest" time="0.002"/>
  <testcase name="ReturnWithLoopTest()" classname="ParserTest" time="0.001"/>
  <testcase name="ReturnWithFuncitonCallTest()" classname="ParserTest" time="0.0"/>
  <testcase name="ReturnWithIFTest()" classname="ParserTest" time="0.001"/>
  <system-out><![CDATA[]]></system-out>
  <system-err><![CDATA[]]></system-err>
</testsuite>
